TUXEDO
Control de Linea de Produccion de Motocicletas
Carga de Unidades Fuera de Linea
Fecha y Hora de Inicio de Carga: 26-03-2014 18:44:49

------------------------------------------
2-      Validando Archivo
2.1-    Archivo Encontrado
------------------------------------------
3-      Leyendo Archivo
3.1-    Unidades Encontradas: 20
------------------------------------------
3.2-    Creando Script de Carga
Inicio de Generacion de Script: 26-03-2014 18:44:49

UPDATE TX_ORDEN_PROD SET WE='26-03-2014',WE_TIM='26-03-2014 18:43:52', WE_STATUS='Liberado' WHERE VIN='3H1JF417XED000271';
UPDATE TX_ORDEN_PROD SET WE='26-03-2014',WE_TIM='26-03-2014 18:43:52', WE_STATUS='Liberado' WHERE VIN='3H1JF4171ED000272';
UPDATE TX_ORDEN_PROD SET WE='26-03-2014',WE_TIM='26-03-2014 18:43:53', WE_STATUS='Liberado' WHERE VIN='3H1JF4173ED000273';
UPDATE TX_ORDEN_PROD SET WE='26-03-2014',WE_TIM='26-03-2014 18:43:53', WE_STATUS='Liberado' WHERE VIN='3H1JF4175ED000274';
UPDATE TX_ORDEN_PROD SET WE='26-03-2014',WE_TIM='26-03-2014 18:43:54', WE_STATUS='Liberado' WHERE VIN='3H1JF4177ED000275';
UPDATE TX_ORDEN_PROD SET WE='26-03-2014',WE_TIM='26-03-2014 18:43:54', WE_STATUS='Liberado' WHERE VIN='3H1JF4179ED000276';
UPDATE TX_ORDEN_PROD SET WE='26-03-2014',WE_TIM='26-03-2014 18:43:56', WE_STATUS='Liberado' WHERE VIN='3H1JF4170ED000277';
UPDATE TX_ORDEN_PROD SET WE='26-03-2014',WE_TIM='26-03-2014 18:43:57', WE_STATUS='Liberado' WHERE VIN='3H1JF4172ED000278';
UPDATE TX_ORDEN_PROD SET WE='26-03-2014',WE_TIM='26-03-2014 18:43:58', WE_STATUS='Liberado' WHERE VIN='3H1JF4174ED000279';
UPDATE TX_ORDEN_PROD SET WE='26-03-2014',WE_TIM='26-03-2014 18:43:59', WE_STATUS='Liberado' WHERE VIN='3H1JF4170ED000280';
UPDATE TX_ORDEN_PROD SET WE='26-03-2014',WE_TIM='26-03-2014 18:43:59', WE_STATUS='Liberado' WHERE VIN='3H1JF4172ED000281';
UPDATE TX_ORDEN_PROD SET WE='26-03-2014',WE_TIM='26-03-2014 18:44:00', WE_STATUS='Liberado' WHERE VIN='3H1JF4174ED000282';
UPDATE TX_ORDEN_PROD SET WE='26-03-2014',WE_TIM='26-03-2014 18:44:01', WE_STATUS='Liberado' WHERE VIN='3H1JF4176ED000283';
UPDATE TX_ORDEN_PROD SET WE='26-03-2014',WE_TIM='26-03-2014 18:44:02', WE_STATUS='Liberado' WHERE VIN='3H1JF4178ED000284';
UPDATE TX_ORDEN_PROD SET WE='26-03-2014',WE_TIM='26-03-2014 18:44:08', WE_STATUS='Liberado' WHERE VIN='3H1JF417XED000285';
UPDATE TX_ORDEN_PROD SET WE='26-03-2014',WE_TIM='26-03-2014 18:44:08', WE_STATUS='Liberado' WHERE VIN='3H1JF4171ED000286';
UPDATE TX_ORDEN_PROD SET WE='26-03-2014',WE_TIM='26-03-2014 18:44:08', WE_STATUS='Liberado' WHERE VIN='3H1JF4173ED000287';
UPDATE TX_ORDEN_PROD SET WE='26-03-2014',WE_TIM='26-03-2014 18:44:08', WE_STATUS='Liberado' WHERE VIN='3H1JF4175ED000288';
UPDATE TX_ORDEN_PROD SET WE='26-03-2014',WE_TIM='26-03-2014 18:44:08', WE_STATUS='Liberado' WHERE VIN='3H1JF4177ED000289';
UPDATE TX_ORDEN_PROD SET WE='26-03-2014',WE_TIM='26-03-2014 18:44:08', WE_STATUS='Liberado' WHERE VIN='3H1JF4173ED000290';

Fin de Generacion de Script: 26-03-2014 18:44:49
------------------------------------------
3.3-    Cargando Unidades en BD
Inicio de Carga en BD26-03-2014 18:44:49

 -ERROR: 3H1JF417XED000271 El codigo de barras ya fue Registrado en esta Estacion.
 -ERROR: 3H1JF4171ED000272 El codigo de barras ya fue Registrado en esta Estacion.
 -ERROR: 3H1JF4173ED000273 El codigo de barras ya fue Registrado en esta Estacion.
 -ERROR: 3H1JF4175ED000274 El codigo de barras ya fue Registrado en esta Estacion.
 -ERROR: 3H1JF4177ED000275 El codigo de barras ya fue Registrado en esta Estacion.
 -ERROR: 3H1JF4179ED000276 El codigo de barras ya fue Registrado en esta Estacion.
 -ERROR: 3H1JF4170ED000277 El codigo de barras ya fue Registrado en esta Estacion.
 -ERROR: 3H1JF4172ED000278 El codigo de barras ya fue Registrado en esta Estacion.
 -ERROR: 3H1JF4174ED000279 El codigo de barras ya fue Registrado en esta Estacion.
 -ERROR: 3H1JF4170ED000280 El codigo de barras ya fue Registrado en esta Estacion.
 -ERROR: 3H1JF4172ED000281 El codigo de barras ya fue Registrado en esta Estacion.
 -ERROR: 3H1JF4174ED000282 El codigo de barras ya fue Registrado en esta Estacion.
 -ERROR: 3H1JF4176ED000283 El codigo de barras ya fue Registrado en esta Estacion.
 -ERROR: 3H1JF4178ED000284 El codigo de barras ya fue Registrado en esta Estacion.
 -ERROR: 3H1JF417XED000285 El codigo de barras ya fue Registrado en esta Estacion.
 -ERROR: 3H1JF4171ED000286 El codigo de barras ya fue Registrado en esta Estacion.
 -ERROR: 3H1JF4173ED000287 El codigo de barras ya fue Registrado en esta Estacion.
 -ERROR: 3H1JF4175ED000288 El codigo de barras ya fue Registrado en esta Estacion.
 -ERROR: 3H1JF4177ED000289 El codigo de barras ya fue Registrado en esta Estacion.
 -ERROR: 3H1JF4173ED000290 El codigo de barras ya fue Registrado en esta Estacion.

Fin de Carga en BD26-03-2014 18:44:49
------------------------------------------
4-    Creando Log
Inicio Generacion de Log: 26-03-2014 18:44:49
