TUXEDO
Control de Linea de Produccion de Motocicletas
Carga de Unidades Fuera de Linea
Fecha y Hora de Inicio de Carga: 26-03-2014 19:50:59

------------------------------------------
2-      Validando Archivo
2.1-    Archivo Encontrado
------------------------------------------
3-      Leyendo Archivo
3.1-    Unidades Encontradas: 20
------------------------------------------
3.2-    Creando Script de Carga
Inicio de Generacion de Script: 26-03-2014 19:50:59

UPDATE TX_ORDEN_PROD SET PA='26-03-2014',PA_TIM='26-03-2014 19:50:06', PA_STATUS='Liberado' WHERE VIN='3H1JF417XED000271';
UPDATE TX_ORDEN_PROD SET PA='26-03-2014',PA_TIM='26-03-2014 19:50:08', PA_STATUS='Liberado' WHERE VIN='3H1JF4171ED000272';
UPDATE TX_ORDEN_PROD SET PA='26-03-2014',PA_TIM='26-03-2014 19:50:09', PA_STATUS='Liberado' WHERE VIN='3H1JF4173ED000273';
UPDATE TX_ORDEN_PROD SET PA='26-03-2014',PA_TIM='26-03-2014 19:50:10', PA_STATUS='Liberado' WHERE VIN='3H1JF4175ED000274';
UPDATE TX_ORDEN_PROD SET PA='26-03-2014',PA_TIM='26-03-2014 19:50:11', PA_STATUS='Liberado' WHERE VIN='3H1JF4177ED000275';
UPDATE TX_ORDEN_PROD SET PA='26-03-2014',PA_TIM='26-03-2014 19:50:12', PA_STATUS='Liberado' WHERE VIN='3H1JF4179ED000276';
UPDATE TX_ORDEN_PROD SET PA='26-03-2014',PA_TIM='26-03-2014 19:50:16', PA_STATUS='Liberado' WHERE VIN='3H1JF4170ED000277';
UPDATE TX_ORDEN_PROD SET PA='26-03-2014',PA_TIM='26-03-2014 19:50:16', PA_STATUS='Liberado' WHERE VIN='3H1JF4172ED000278';
UPDATE TX_ORDEN_PROD SET PA='26-03-2014',PA_TIM='26-03-2014 19:50:16', PA_STATUS='Liberado' WHERE VIN='3H1JF4174ED000279';
UPDATE TX_ORDEN_PROD SET PA='26-03-2014',PA_TIM='26-03-2014 19:50:16', PA_STATUS='Liberado' WHERE VIN='3H1JF4170ED000280';
UPDATE TX_ORDEN_PROD SET PA='26-03-2014',PA_TIM='26-03-2014 19:50:16', PA_STATUS='Liberado' WHERE VIN='3H1JF4172ED000281';
UPDATE TX_ORDEN_PROD SET PA='26-03-2014',PA_TIM='26-03-2014 19:50:17', PA_STATUS='Liberado' WHERE VIN='3H1JF4174ED000282';
UPDATE TX_ORDEN_PROD SET PA='26-03-2014',PA_TIM='26-03-2014 19:50:17', PA_STATUS='Liberado' WHERE VIN='3H1JF4176ED000283';
UPDATE TX_ORDEN_PROD SET PA='26-03-2014',PA_TIM='26-03-2014 19:50:18', PA_STATUS='Liberado' WHERE VIN='3H1JF4178ED000284';
UPDATE TX_ORDEN_PROD SET PA='26-03-2014',PA_TIM='26-03-2014 19:50:20', PA_STATUS='Liberado' WHERE VIN='3H1JF417XED000285';
UPDATE TX_ORDEN_PROD SET PA='26-03-2014',PA_TIM='26-03-2014 19:50:21', PA_STATUS='Liberado' WHERE VIN='3H1JF4171ED000286';
UPDATE TX_ORDEN_PROD SET PA='26-03-2014',PA_TIM='26-03-2014 19:50:22', PA_STATUS='Liberado' WHERE VIN='3H1JF4173ED000287';
UPDATE TX_ORDEN_PROD SET PA='26-03-2014',PA_TIM='26-03-2014 19:50:26', PA_STATUS='Liberado' WHERE VIN='3H1JF4175ED000288';
UPDATE TX_ORDEN_PROD SET PA='26-03-2014',PA_TIM='26-03-2014 19:50:27', PA_STATUS='Liberado' WHERE VIN='3H1JF4177ED000289';
UPDATE TX_ORDEN_PROD SET PA='26-03-2014',PA_TIM='26-03-2014 19:50:27', PA_STATUS='Liberado' WHERE VIN='3H1JF4173ED000290';

Fin de Generacion de Script: 26-03-2014 19:50:59
------------------------------------------
3.3-    Cargando Unidades en BD
Inicio de Carga en BD26-03-2014 19:50:59

UPDATE TX_ORDEN_PROD SET PA='26-03-2014',PA_TIM='26-03-2014 19:50:06', PA_STATUS='Liberado' WHERE VIN='3H1JF417XED000271';
Unidad 3H1JF417XED000271 Cargada
 -ERROR: 3H1JF4171ED000272 El codigo de barras ya fue Registrado en esta Estacion.
UPDATE TX_ORDEN_PROD SET PA='26-03-2014',PA_TIM='26-03-2014 19:50:09', PA_STATUS='Liberado' WHERE VIN='3H1JF4173ED000273';
Unidad 3H1JF4173ED000273 Cargada
UPDATE TX_ORDEN_PROD SET PA='26-03-2014',PA_TIM='26-03-2014 19:50:10', PA_STATUS='Liberado' WHERE VIN='3H1JF4175ED000274';
Unidad 3H1JF4175ED000274 Cargada
UPDATE TX_ORDEN_PROD SET PA='26-03-2014',PA_TIM='26-03-2014 19:50:11', PA_STATUS='Liberado' WHERE VIN='3H1JF4177ED000275';
Unidad 3H1JF4177ED000275 Cargada
UPDATE TX_ORDEN_PROD SET PA='26-03-2014',PA_TIM='26-03-2014 19:50:12', PA_STATUS='Liberado' WHERE VIN='3H1JF4179ED000276';
Unidad 3H1JF4179ED000276 Cargada
UPDATE TX_ORDEN_PROD SET PA='26-03-2014',PA_TIM='26-03-2014 19:50:16', PA_STATUS='Liberado' WHERE VIN='3H1JF4170ED000277';
Unidad 3H1JF4170ED000277 Cargada
UPDATE TX_ORDEN_PROD SET PA='26-03-2014',PA_TIM='26-03-2014 19:50:16', PA_STATUS='Liberado' WHERE VIN='3H1JF4172ED000278';
Unidad 3H1JF4172ED000278 Cargada
UPDATE TX_ORDEN_PROD SET PA='26-03-2014',PA_TIM='26-03-2014 19:50:16', PA_STATUS='Liberado' WHERE VIN='3H1JF4174ED000279';
Unidad 3H1JF4174ED000279 Cargada
UPDATE TX_ORDEN_PROD SET PA='26-03-2014',PA_TIM='26-03-2014 19:50:16', PA_STATUS='Liberado' WHERE VIN='3H1JF4170ED000280';
Unidad 3H1JF4170ED000280 Cargada
UPDATE TX_ORDEN_PROD SET PA='26-03-2014',PA_TIM='26-03-2014 19:50:16', PA_STATUS='Liberado' WHERE VIN='3H1JF4172ED000281';
Unidad 3H1JF4172ED000281 Cargada
UPDATE TX_ORDEN_PROD SET PA='26-03-2014',PA_TIM='26-03-2014 19:50:17', PA_STATUS='Liberado' WHERE VIN='3H1JF4174ED000282';
Unidad 3H1JF4174ED000282 Cargada
UPDATE TX_ORDEN_PROD SET PA='26-03-2014',PA_TIM='26-03-2014 19:50:17', PA_STATUS='Liberado' WHERE VIN='3H1JF4176ED000283';
Unidad 3H1JF4176ED000283 Cargada
UPDATE TX_ORDEN_PROD SET PA='26-03-2014',PA_TIM='26-03-2014 19:50:18', PA_STATUS='Liberado' WHERE VIN='3H1JF4178ED000284';
Unidad 3H1JF4178ED000284 Cargada
UPDATE TX_ORDEN_PROD SET PA='26-03-2014',PA_TIM='26-03-2014 19:50:20', PA_STATUS='Liberado' WHERE VIN='3H1JF417XED000285';
Unidad 3H1JF417XED000285 Cargada
UPDATE TX_ORDEN_PROD SET PA='26-03-2014',PA_TIM='26-03-2014 19:50:21', PA_STATUS='Liberado' WHERE VIN='3H1JF4171ED000286';
Unidad 3H1JF4171ED000286 Cargada
UPDATE TX_ORDEN_PROD SET PA='26-03-2014',PA_TIM='26-03-2014 19:50:22', PA_STATUS='Liberado' WHERE VIN='3H1JF4173ED000287';
Unidad 3H1JF4173ED000287 Cargada
UPDATE TX_ORDEN_PROD SET PA='26-03-2014',PA_TIM='26-03-2014 19:50:26', PA_STATUS='Liberado' WHERE VIN='3H1JF4175ED000288';
Unidad 3H1JF4175ED000288 Cargada
UPDATE TX_ORDEN_PROD SET PA='26-03-2014',PA_TIM='26-03-2014 19:50:27', PA_STATUS='Liberado' WHERE VIN='3H1JF4177ED000289';
Unidad 3H1JF4177ED000289 Cargada
UPDATE TX_ORDEN_PROD SET PA='26-03-2014',PA_TIM='26-03-2014 19:50:27', PA_STATUS='Liberado' WHERE VIN='3H1JF4173ED000290';
Unidad 3H1JF4173ED000290 Cargada

Fin de Carga en BD26-03-2014 19:50:59
------------------------------------------
4-    Creando Log
Inicio Generacion de Log: 26-03-2014 19:50:59
